2019-07-31 16:09:42.468 [35m[main][0;39m [34mINFO [0;39m c.f.l.demo.DemoApplicationTests.logStarting - Starting DemoApplicationTests on shefenfeideMacBook-Pro.local with PID 50875 (started by shefenfei in /Users/shefenfei/Documents/web_workspace/thymeleaf-demo/logback-demo)
2019-07-31 16:09:42.470 [35m[main][0;39m [34mINFO [0;39m c.f.l.demo.DemoApplicationTests.logStartupProfileInfo - The following profiles are active: dev
2019-07-31 16:09:43.588 [35m[main][0;39m [34mINFO [0;39m o.s.s.c.ThreadPoolTaskExecutor.initialize - Initializing ExecutorService 'applicationTaskExecutor'
2019-07-31 16:09:43.781 [35m[main][0;39m [34mINFO [0;39m c.f.l.demo.DemoApplicationTests.logStarted - Started DemoApplicationTests in 1.771 seconds (JVM running for 2.372)
2019-07-31 16:09:44.033 [35m[Thread-3][0;39m [34mINFO [0;39m o.s.s.c.ThreadPoolTaskExecutor.shutdown - Shutting down ExecutorService 'applicationTaskExecutor'
2019-07-31 16:10:19.432 [35m[main][0;39m [34mINFO [0;39m c.f.l.demo.DemoApplicationTests.logStarting - Starting DemoApplicationTests on shefenfeideMacBook-Pro.local with PID 51043 (started by shefenfei in /Users/shefenfei/Documents/web_workspace/thymeleaf-demo/logback-demo)
2019-07-31 16:10:19.433 [35m[main][0;39m [34mINFO [0;39m c.f.l.demo.DemoApplicationTests.logStartupProfileInfo - The following profiles are active: dev
2019-07-31 16:10:20.463 [35m[main][0;39m [34mINFO [0;39m o.s.s.c.ThreadPoolTaskExecutor.initialize - Initializing ExecutorService 'applicationTaskExecutor'
2019-07-31 16:10:20.648 [35m[main][0;39m [34mINFO [0;39m c.f.l.demo.DemoApplicationTests.logStarted - Started DemoApplicationTests in 1.564 seconds (JVM running for 2.136)
2019-07-31 16:10:20.852 [35m[Thread-3][0;39m [34mINFO [0;39m o.s.s.c.ThreadPoolTaskExecutor.shutdown - Shutting down ExecutorService 'applicationTaskExecutor'
2019-07-31 16:11:45.991 [35m[main][0;39m [34mINFO [0;39m c.f.l.demo.DemoApplicationTests.logStarting - Starting DemoApplicationTests on shefenfeideMacBook-Pro.local with PID 51398 (started by shefenfei in /Users/shefenfei/Documents/web_workspace/thymeleaf-demo/logback-demo)
2019-07-31 16:11:45.992 [35m[main][0;39m [34mINFO [0;39m c.f.l.demo.DemoApplicationTests.logStartupProfileInfo - The following profiles are active: dev
2019-07-31 16:11:47.009 [35m[main][0;39m [34mINFO [0;39m o.s.s.c.ThreadPoolTaskExecutor.initialize - Initializing ExecutorService 'applicationTaskExecutor'
2019-07-31 16:11:47.200 [35m[main][0;39m [34mINFO [0;39m c.f.l.demo.DemoApplicationTests.logStarted - Started DemoApplicationTests in 1.564 seconds (JVM running for 2.116)
2019-07-31 16:11:47.395 [35m[Thread-3][0;39m [34mINFO [0;39m o.s.s.c.ThreadPoolTaskExecutor.shutdown - Shutting down ExecutorService 'applicationTaskExecutor'
2019-07-31 16:12:54.210 [35m[main][0;39m [34mINFO [0;39m c.f.l.demo.DemoApplicationTests.logStarting - Starting DemoApplicationTests on shefenfeideMacBook-Pro.local with PID 51685 (started by shefenfei in /Users/shefenfei/Documents/web_workspace/thymeleaf-demo/logback-demo)
2019-07-31 16:12:54.211 [35m[main][0;39m [34mINFO [0;39m c.f.l.demo.DemoApplicationTests.logStartupProfileInfo - The following profiles are active: dev
2019-07-31 16:12:55.205 [35m[main][0;39m [34mINFO [0;39m o.s.s.c.ThreadPoolTaskExecutor.initialize - Initializing ExecutorService 'applicationTaskExecutor'
2019-07-31 16:12:55.393 [35m[main][0;39m [34mINFO [0;39m c.f.l.demo.DemoApplicationTests.logStarted - Started DemoApplicationTests in 1.54 seconds (JVM running for 2.094)
2019-07-31 16:12:55.592 [35m[Thread-3][0;39m [34mINFO [0;39m o.s.s.c.ThreadPoolTaskExecutor.shutdown - Shutting down ExecutorService 'applicationTaskExecutor'
2019-07-31 16:14:57.632 [35m[main][0;39m [34mINFO [0;39m c.f.l.demo.DemoApplicationTests.logStarting - Starting DemoApplicationTests on shefenfeideMacBook-Pro.local with PID 52186 (started by shefenfei in /Users/shefenfei/Documents/web_workspace/thymeleaf-demo/logback-demo)
2019-07-31 16:14:57.633 [35m[main][0;39m [34mINFO [0;39m c.f.l.demo.DemoApplicationTests.logStartupProfileInfo - The following profiles are active: dev
2019-07-31 16:14:58.632 [35m[main][0;39m [34mINFO [0;39m o.s.s.c.ThreadPoolTaskExecutor.initialize - Initializing ExecutorService 'applicationTaskExecutor'
2019-07-31 16:14:58.836 [35m[main][0;39m [34mINFO [0;39m c.f.l.demo.DemoApplicationTests.logStarted - Started DemoApplicationTests in 1.547 seconds (JVM running for 2.171)
2019-07-31 16:14:59.044 [35m[Thread-3][0;39m [34mINFO [0;39m o.s.s.c.ThreadPoolTaskExecutor.shutdown - Shutting down ExecutorService 'applicationTaskExecutor'
2019-07-31 16:16:12.433 [35m[main][0;39m [34mINFO [0;39m c.f.l.demo.DemoApplicationTests.logStarting - Starting DemoApplicationTests on shefenfeideMacBook-Pro.local with PID 52491 (started by shefenfei in /Users/shefenfei/Documents/web_workspace/thymeleaf-demo/logback-demo)
2019-07-31 16:16:12.434 [35m[main][0;39m [34mINFO [0;39m c.f.l.demo.DemoApplicationTests.logStartupProfileInfo - The following profiles are active: prod
2019-07-31 16:16:13.558 [35m[main][0;39m [34mINFO [0;39m o.s.s.c.ThreadPoolTaskExecutor.initialize - Initializing ExecutorService 'applicationTaskExecutor'
2019-07-31 16:16:13.779 [35m[main][0;39m [34mINFO [0;39m c.f.l.demo.DemoApplicationTests.logStarted - Started DemoApplicationTests in 1.694 seconds (JVM running for 2.261)
2019-07-31 16:16:13.991 [35m[Thread-3][0;39m [34mINFO [0;39m o.s.s.c.ThreadPoolTaskExecutor.shutdown - Shutting down ExecutorService 'applicationTaskExecutor'
2019-07-31 16:20:05.684 [35m[main][0;39m [34mINFO [0;39m c.f.l.demo.DemoApplicationTests.logStarting - Starting DemoApplicationTests on shefenfeideMacBook-Pro.local with PID 53388 (started by shefenfei in /Users/shefenfei/Documents/web_workspace/thymeleaf-demo/logback-demo)
2019-07-31 16:20:05.685 [35m[main][0;39m [34mINFO [0;39m c.f.l.demo.DemoApplicationTests.logStartupProfileInfo - The following profiles are active: dev
2019-07-31 16:20:06.738 [35m[main][0;39m [34mINFO [0;39m o.s.s.c.ThreadPoolTaskExecutor.initialize - Initializing ExecutorService 'applicationTaskExecutor'
2019-07-31 16:20:06.947 [35m[main][0;39m [34mINFO [0;39m c.f.l.demo.DemoApplicationTests.logStarted - Started DemoApplicationTests in 1.601 seconds (JVM running for 2.159)
2019-07-31 16:20:07.146 [35m[Thread-3][0;39m [34mINFO [0;39m o.s.s.c.ThreadPoolTaskExecutor.shutdown - Shutting down ExecutorService 'applicationTaskExecutor'
2019-07-31 16:20:56.417 [35m[main][0;39m [34mINFO [0;39m c.f.l.demo.DemoApplicationTests.logStarting - Starting DemoApplicationTests on shefenfeideMacBook-Pro.local with PID 53596 (started by shefenfei in /Users/shefenfei/Documents/web_workspace/thymeleaf-demo/logback-demo)
2019-07-31 16:20:56.419 [35m[main][0;39m [34mINFO [0;39m c.f.l.demo.DemoApplicationTests.logStartupProfileInfo - The following profiles are active: dev
2019-07-31 16:20:57.467 [35m[main][0;39m [34mINFO [0;39m o.s.s.c.ThreadPoolTaskExecutor.initialize - Initializing ExecutorService 'applicationTaskExecutor'
2019-07-31 16:20:57.676 [35m[main][0;39m [34mINFO [0;39m c.f.l.demo.DemoApplicationTests.logStarted - Started DemoApplicationTests in 1.634 seconds (JVM running for 2.209)
2019-07-31 16:20:57.888 [35m[Thread-3][0;39m [34mINFO [0;39m o.s.s.c.ThreadPoolTaskExecutor.shutdown - Shutting down ExecutorService 'applicationTaskExecutor'
2019-07-31 16:21:48.450 [35m[main][0;39m [34mINFO [0;39m c.f.l.demo.DemoApplicationTests.logStarting - Starting DemoApplicationTests on shefenfeideMacBook-Pro.local with PID 53805 (started by shefenfei in /Users/shefenfei/Documents/web_workspace/thymeleaf-demo/logback-demo)
2019-07-31 16:21:48.451 [35m[main][0;39m [34mINFO [0;39m c.f.l.demo.DemoApplicationTests.logStartupProfileInfo - The following profiles are active: dev
2019-07-31 16:21:49.479 [35m[main][0;39m [34mINFO [0;39m o.s.s.c.ThreadPoolTaskExecutor.initialize - Initializing ExecutorService 'applicationTaskExecutor'
2019-07-31 16:21:49.686 [35m[main][0;39m [34mINFO [0;39m c.f.l.demo.DemoApplicationTests.logStarted - Started DemoApplicationTests in 1.591 seconds (JVM running for 2.197)
2019-07-31 16:21:49.900 [35m[Thread-3][0;39m [34mINFO [0;39m o.s.s.c.ThreadPoolTaskExecutor.shutdown - Shutting down ExecutorService 'applicationTaskExecutor'
2019-07-31 16:22:40.703 [35m[main][0;39m [34mINFO [0;39m c.f.l.demo.DemoApplicationTests.logStarting - Starting DemoApplicationTests on shefenfeideMacBook-Pro.local with PID 54024 (started by shefenfei in /Users/shefenfei/Documents/web_workspace/thymeleaf-demo/logback-demo)
2019-07-31 16:22:40.704 [35m[main][0;39m [34mINFO [0;39m c.f.l.demo.DemoApplicationTests.logStartupProfileInfo - The following profiles are active: prod
2019-07-31 16:22:41.776 [35m[main][0;39m [34mINFO [0;39m o.s.s.c.ThreadPoolTaskExecutor.initialize - Initializing ExecutorService 'applicationTaskExecutor'
2019-07-31 16:22:41.979 [35m[main][0;39m [34mINFO [0;39m c.f.l.demo.DemoApplicationTests.logStarted - Started DemoApplicationTests in 1.626 seconds (JVM running for 2.187)
2019-07-31 16:22:42.200 [35m[Thread-3][0;39m [34mINFO [0;39m o.s.s.c.ThreadPoolTaskExecutor.shutdown - Shutting down ExecutorService 'applicationTaskExecutor'
